[2020-03-19 17:37:20.6660] - INFO - Reading from /Users/pascalulrich/Library/Mobile Documents/com~apple~CloudDocs/BTS/Interface Development/git-folder/newrepofolder/newframerfile12.framerfx (origin); preserving existing contents of project folder: true
[2020-03-19 17:37:20.6680] - INFO - Done reading
[2020-03-19 17:37:20.6690] - INFO - Marking changed: false
[2020-03-19 17:37:20.6710] - INFO - Marking changed: false
[2020-03-19 17:37:20.6850] - DEBUG - [Save session: 4] Completed super.save
[2020-03-19 17:37:20.7030] - INFO - Marking changed: false
[2020-03-19 17:37:20.7190] - ERROR - Unhandled Rejection at: Promise Promise {
[2020-03-19 17:37:20.7190] - ERROR -   <rejected> Error: Error updating package.json Error: ENOENT: no such file or directory, open '/Users/pascalulrich/Library/Mobile Documents/com~apple~CloudDocs/BTS/Interface Development/git-folder/newrepofolder/newframerfile12.framerfx/package.json'
[2020-03-19 17:37:20.7190] - ERROR -       at Project.<anonymous> (/Applications/Framer X.app/Contents/Resources/Server/lib/project.js:1208:23)
[2020-03-19 17:37:20.7190] - ERROR -       at Generator.throw (<anonymous>)
[2020-03-19 17:37:20.7190] - ERROR -       at rejected (/Applications/Framer X.app/Contents/Resources/Server/lib/project.js:6:65) } reason: Error: Error updating package.json Error: ENOENT: no such file or directory, open '/Users/pascalulrich/Library/Mobile Documents/com~apple~CloudDocs/BTS/Interface Development/git-folder/newrepofolder/newframerfile12.framerfx/package.json'
[2020-03-19 17:37:20.7190] - ERROR -     at Project.<anonymous> (/Applications/Framer X.app/Contents/Resources/Server/lib/project.js:1208:23)
[2020-03-19 17:37:20.7190] - ERROR -     at Generator.throw (<anonymous>)
[2020-03-19 17:37:20.7190] - ERROR -     at rejected (/Applications/Framer X.app/Contents/Resources/Server/lib/project.js:6:65)
[2020-03-19 17:37:20.7790] - INFO - GET 304 /node_modules/framer/build/framer.debug.js 0 B (1ms)
[2020-03-19 17:37:24.1020] - INFO - Installing dependencies…
[2020-03-19 17:37:24.1380] - INFO - GET 304 /node_modules/framer/build/framer.debug.js 0 B (1ms)
[2020-03-19 17:37:24.5400] - INFO - Installing dependencies - DONE. Took 438ms
[2020-03-19 17:46:03.0670] - INFO - GET 200 /.cache/images/4096/onPdf8gFTWdmYbbLsdB37n4scM.jpg 1.84 MB (21ms)
[2020-03-19 17:46:03.0780] - INFO - GET 200 /.cache/images/512/onPdf8gFTWdmYbbLsdB37n4scM.jpg 1.84 MB (3ms)
[2020-03-19 17:46:04.0250] - INFO - GET 200 /design/images/onPdf8gFTWdmYbbLsdB37n4scM.jpg 1.84 MB (3ms)
[2020-03-19 17:46:09.0100] - DEBUG - [Save session: 5] Started, operation: autosaveInPlaceOperation
[2020-03-19 17:46:09.0100] - DEBUG - [Save session: 5] Before container.writeChanges
[2020-03-19 17:46:09.0100] - DEBUG - [Save session: 5] Before waitUsingRecursiveRunLoop
[2020-03-19 17:46:09.0880] - DEBUG - [Save session: 5] Completed container.writeChanges
[2020-03-19 17:46:09.0880] - DEBUG - [Save session: 5] Completed waitUsingRecursiveRunLoop
[2020-03-19 17:46:09.0960] - DEBUG - [Save session: 5] Completed super.save
[2020-03-19 17:47:13.8990] - DEBUG - [Save session: 6] Started, operation: saveOperation
[2020-03-19 17:47:13.8990] - DEBUG - [Save session: 6] Before container.writeChanges
[2020-03-19 17:47:13.9000] - DEBUG - [Save session: 6] Before waitUsingRecursiveRunLoop
[2020-03-19 17:47:13.9670] - DEBUG - [Save session: 6] Completed container.writeChanges
[2020-03-19 17:47:13.9680] - DEBUG - [Save session: 6] Completed waitUsingRecursiveRunLoop
[2020-03-19 17:47:13.9710] - INFO - Marking changed: false
[2020-03-19 17:47:13.9820] - DEBUG - [Save session: 6] Completed super.save
[2020-03-19 17:47:20.9510] - INFO - Backing up to /Users/pascalulrich/Library/Mobile Documents/com~apple~CloudDocs/BTS/Interface Development/git-folder/newrepofolder/newframerfile12.framerfx/.backups/2020-03-19 17.47.20.zip
[2020-03-19 17:48:44.8110] - INFO - Couldn’t create temporary image cache symlink: Error Domain=NSCocoaErrorDomain Code=516 "The file “onPdf8gFTWdmYbbLsdB37n4scM.jpg” couldn’t be saved in the folder “512” because a file with the same name already exists." UserInfo={NSFilePath=/Users/pascalulrich/Library/Mobile Documents/com~apple~CloudDocs/BTS/Interface Development/git-folder/newrepofolder/newframerfile12.framerfx/.cache/images/512/onPdf8gFTWdmYbbLsdB37n4scM.jpg, NSUnderlyingError=0x6000026223d0 {Error Domain=NSPOSIXErrorDomain Code=17 "File exists"}}
[2020-03-19 17:48:44.8110] - INFO - Couldn’t create temporary image cache symlink: Error Domain=NSCocoaErrorDomain Code=516 "The file “onPdf8gFTWdmYbbLsdB37n4scM.jpg” couldn’t be saved in the folder “1024” because a file with the same name already exists." UserInfo={NSFilePath=/Users/pascalulrich/Library/Mobile Documents/com~apple~CloudDocs/BTS/Interface Development/git-folder/newrepofolder/newframerfile12.framerfx/.cache/images/1024/onPdf8gFTWdmYbbLsdB37n4scM.jpg, NSUnderlyingError=0x600002623c90 {Error Domain=NSPOSIXErrorDomain Code=17 "File exists"}}
[2020-03-19 17:48:44.8110] - INFO - Couldn’t create temporary image cache symlink: Error Domain=NSCocoaErrorDomain Code=516 "The file “onPdf8gFTWdmYbbLsdB37n4scM.jpg” couldn’t be saved in the folder “2048” because a file with the same name already exists." UserInfo={NSFilePath=/Users/pascalulrich/Library/Mobile Documents/com~apple~CloudDocs/BTS/Interface Development/git-folder/newrepofolder/newframerfile12.framerfx/.cache/images/2048/onPdf8gFTWdmYbbLsdB37n4scM.jpg, NSUnderlyingError=0x600002622e20 {Error Domain=NSPOSIXErrorDomain Code=17 "File exists"}}
[2020-03-19 17:48:44.8120] - INFO - Couldn’t create temporary image cache symlink: Error Domain=NSCocoaErrorDomain Code=516 "The file “onPdf8gFTWdmYbbLsdB37n4scM.jpg” couldn’t be saved in the folder “4096” because a file with the same name already exists." UserInfo={NSFilePath=/Users/pascalulrich/Library/Mobile Documents/com~apple~CloudDocs/BTS/Interface Development/git-folder/newrepofolder/newframerfile12.framerfx/.cache/images/4096/onPdf8gFTWdmYbbLsdB37n4scM.jpg, NSUnderlyingError=0x600002623960 {Error Domain=NSPOSIXErrorDomain Code=17 "File exists"}}
[2020-03-19 17:48:49.5470] - INFO - GET 200 /.cache/images/2048/onPdf8gFTWdmYbbLsdB37n4scM.jpg 675 kB (2ms)
[2020-03-19 17:48:50.5750] - INFO - GET 200 /.cache/images/1024/onPdf8gFTWdmYbbLsdB37n4scM.jpg 203 kB (2ms)
[2020-03-19 17:50:23.9240] - DEBUG - [Save session: 7] Started, operation: saveOperation
[2020-03-19 17:50:23.9240] - DEBUG - [Save session: 7] Before container.writeChanges
[2020-03-19 17:50:23.9240] - DEBUG - [Save session: 7] Before waitUsingRecursiveRunLoop
[2020-03-19 17:50:23.9930] - DEBUG - [Save session: 7] Completed container.writeChanges
[2020-03-19 17:50:23.9930] - DEBUG - [Save session: 7] Completed waitUsingRecursiveRunLoop
[2020-03-19 17:50:23.9960] - INFO - Marking changed: false
[2020-03-19 17:50:24.0090] - DEBUG - [Save session: 7] Completed super.save
[2020-03-19 17:57:21.7590] - INFO - Backing up to /Users/pascalulrich/Library/Mobile Documents/com~apple~CloudDocs/BTS/Interface Development/git-folder/newrepofolder/newframerfile12.framerfx/.backups/2020-03-19 17.57.21.zip
[2020-03-19 18:11:56.9070] - DEBUG - [Save session: 8] Started, operation: autosaveInPlaceOperation
[2020-03-19 18:11:56.9070] - DEBUG - [Save session: 8] Before container.writeChanges
[2020-03-19 18:11:56.9070] - DEBUG - [Save session: 8] Before waitUsingRecursiveRunLoop
[2020-03-19 18:11:57.0100] - DEBUG - [Save session: 8] Completed container.writeChanges
[2020-03-19 18:11:57.0100] - DEBUG - [Save session: 8] Completed waitUsingRecursiveRunLoop
[2020-03-19 18:11:57.0180] - DEBUG - [Save session: 8] Completed super.save
[2020-03-19 18:12:01.8800] - DEBUG - [Save session: 9] Started, operation: saveOperation
[2020-03-19 18:12:01.8800] - DEBUG - [Save session: 9] Before container.writeChanges
[2020-03-19 18:12:01.8810] - DEBUG - [Save session: 9] Before waitUsingRecursiveRunLoop
[2020-03-19 18:12:01.9540] - DEBUG - [Save session: 9] Completed container.writeChanges
[2020-03-19 18:12:01.9550] - DEBUG - [Save session: 9] Completed waitUsingRecursiveRunLoop
[2020-03-19 18:12:01.9570] - INFO - Marking changed: false
[2020-03-19 18:12:01.9600] - DEBUG - [Save session: 9] Completed super.save
[2020-03-19 18:17:21.8560] - INFO - Backing up to /Users/pascalulrich/Library/Mobile Documents/com~apple~CloudDocs/BTS/Interface Development/git-folder/newrepofolder/newframerfile12.framerfx/.backups/2020-03-19 18.17.21.zip
[2020-03-19 18:26:20.3870] - DEBUG - [Save session: 10] Started, operation: autosaveInPlaceOperation
[2020-03-19 18:26:20.3870] - DEBUG - [Save session: 10] Before container.writeChanges
[2020-03-19 18:26:20.3870] - DEBUG - [Save session: 10] Before waitUsingRecursiveRunLoop
[2020-03-19 18:26:20.4960] - DEBUG - [Save session: 10] Completed container.writeChanges
[2020-03-19 18:26:20.4960] - DEBUG - [Save session: 10] Completed waitUsingRecursiveRunLoop
[2020-03-19 18:26:20.5060] - DEBUG - [Save session: 10] Completed super.save
[2020-03-19 18:26:20.5080] - DEBUG - [Save session: 11] Started, operation: autosaveInPlaceOperation
[2020-03-19 18:26:20.5080] - DEBUG - [Save session: 11] Before container.writeChanges
[2020-03-19 18:26:20.5080] - DEBUG - [Save session: 11] Before waitUsingRecursiveRunLoop
[2020-03-19 18:26:20.5970] - DEBUG - [Save session: 11] Completed container.writeChanges
[2020-03-19 18:26:20.5970] - DEBUG - [Save session: 11] Completed waitUsingRecursiveRunLoop
[2020-03-19 18:26:21.0270] - DEBUG - [Save session: 11] Completed super.save
[2020-03-19 18:26:21.4000] - DEBUG - [Save session: 12] Started, operation: autosaveInPlaceOperation
[2020-03-19 18:26:21.4000] - DEBUG - [Save session: 12] Before container.writeChanges
[2020-03-19 18:26:21.4000] - DEBUG - [Save session: 12] Before waitUsingRecursiveRunLoop
[2020-03-19 18:26:21.4750] - DEBUG - [Save session: 12] Completed container.writeChanges
[2020-03-19 18:26:21.4750] - DEBUG - [Save session: 12] Completed waitUsingRecursiveRunLoop
[2020-03-19 18:26:21.5340] - DEBUG - [Save session: 12] Completed super.save
[2020-03-19 18:26:21.7080] - DEBUG - [Save session: 13] Started, operation: autosaveInPlaceOperation
[2020-03-19 18:26:21.7080] - DEBUG - [Save session: 13] Before container.writeChanges
[2020-03-19 18:26:21.7080] - DEBUG - [Save session: 13] Before waitUsingRecursiveRunLoop
[2020-03-19 18:26:21.7930] - DEBUG - [Save session: 13] Completed container.writeChanges
[2020-03-19 18:26:21.7930] - DEBUG - [Save session: 13] Completed waitUsingRecursiveRunLoop
[2020-03-19 18:26:22.0540] - DEBUG - [Save session: 13] Completed super.save
[2020-03-19 18:26:30.9010] - DEBUG - [Save session: 14] Started, operation: saveOperation
[2020-03-19 18:26:30.9010] - DEBUG - [Save session: 14] Before container.writeChanges
[2020-03-19 18:26:30.9020] - DEBUG - [Save session: 14] Before waitUsingRecursiveRunLoop
[2020-03-19 18:26:30.9100] - DEBUG - [Save session: 14] Completed container.writeChanges
[2020-03-19 18:26:30.9100] - DEBUG - [Save session: 14] Completed waitUsingRecursiveRunLoop
[2020-03-19 18:26:30.9130] - INFO - Marking changed: false
[2020-03-19 18:26:30.9200] - DEBUG - [Save session: 14] Completed super.save
[2020-03-19 18:26:35.2990] - DEBUG - [Save session: 15] Started, operation: autosaveInPlaceOperation
[2020-03-19 18:26:35.2990] - DEBUG - [Save session: 15] Before container.writeChanges
[2020-03-19 18:26:35.2990] - DEBUG - [Save session: 15] Before waitUsingRecursiveRunLoop
[2020-03-19 18:26:35.3940] - DEBUG - [Save session: 15] Completed container.writeChanges
[2020-03-19 18:26:35.3940] - DEBUG - [Save session: 15] Completed waitUsingRecursiveRunLoop
[2020-03-19 18:26:35.4010] - DEBUG - [Save session: 15] Completed super.save
[2020-03-19 18:26:35.4010] - DEBUG - [Save session: 16] Started, operation: autosaveInPlaceOperation
[2020-03-19 18:26:35.4010] - DEBUG - [Save session: 16] Before container.writeChanges
[2020-03-19 18:26:35.4010] - DEBUG - [Save session: 16] Before waitUsingRecursiveRunLoop
[2020-03-19 18:26:35.4670] - DEBUG - [Save session: 16] Completed container.writeChanges
[2020-03-19 18:26:35.4680] - DEBUG - [Save session: 16] Completed waitUsingRecursiveRunLoop
[2020-03-19 18:26:35.9510] - DEBUG - [Save session: 16] Completed super.save
[2020-03-19 18:26:36.6850] - DEBUG - [Save session: 17] Started, operation: autosaveInPlaceOperation
[2020-03-19 18:26:36.6850] - DEBUG - [Save session: 17] Before container.writeChanges
[2020-03-19 18:26:36.6850] - DEBUG - [Save session: 17] Before waitUsingRecursiveRunLoop
[2020-03-19 18:26:36.7470] - DEBUG - [Save session: 17] Completed container.writeChanges
[2020-03-19 18:26:36.7470] - DEBUG - [Save session: 17] Completed waitUsingRecursiveRunLoop
[2020-03-19 18:26:36.7520] - DEBUG - [Save session: 17] Completed super.save
[2020-03-19 18:27:21.9910] - INFO - Backing up to /Users/pascalulrich/Library/Mobile Documents/com~apple~CloudDocs/BTS/Interface Development/git-folder/newrepofolder/newframerfile12.framerfx/.backups/2020-03-19 18.27.21.zip
